<?xml version="1.0" encoding="UTF-8"?>
<testsuite xmlns:xsi="http://www.w3.org/2001/XMLSchema-instance" xsi:noNamespaceSchemaLocation="https://maven.apache.org/surefire/maven-surefire-plugin/xsd/surefire-test-report.xsd" name="it.tss.blogapp.entity.UserTest" time="0.379" tests="2" errors="0" skipped="0" failures="0">
  <properties>
    <property name="sun.desktop" value="windows"/>
    <property name="awt.toolkit" value="sun.awt.windows.WToolkit"/>
    <property name="netbeans.deploy" value="true"/>
    <property name="java.specification.version" value="11"/>
    <property name="sun.cpu.isalist" value="amd64"/>
    <property name="sun.jnu.encoding" value="Cp1252"/>
    <property name="java.class.path" value="C:\Users\chris\OneDrive\Desktop\tss22-master\bkmapp\bkmapp\target\test-classes;C:\Users\chris\OneDrive\Desktop\tss22-master\bkmapp\bkmapp\target\classes;C:\Users\chris\.m2\repository\jakarta\platform\jakarta.jakartaee-api\8.0.0\jakarta.jakartaee-api-8.0.0.jar;C:\Users\chris\.m2\repository\javax\enterprise\cdi-api\2.0\cdi-api-2.0.jar;C:\Users\chris\.m2\repository\javax\el\javax.el-api\3.0.0\javax.el-api-3.0.0.jar;C:\Users\chris\.m2\repository\javax\interceptor\javax.interceptor-api\1.2\javax.interceptor-api-1.2.jar;C:\Users\chris\.m2\repository\javax\inject\javax.inject\1\javax.inject-1.jar;C:\Users\chris\.m2\repository\javax\ws\rs\javax.ws.rs-api\2.1\javax.ws.rs-api-2.1.jar;C:\Users\chris\.m2\repository\javax\json\bind\javax.json.bind-api\1.0\javax.json.bind-api-1.0.jar;C:\Users\chris\.m2\repository\javax\json\javax.json-api\1.1\javax.json-api-1.1.jar;C:\Users\chris\.m2\repository\javax\annotation\javax.annotation-api\1.3\javax.annotation-api-1.3.jar;C:\Users\chris\.m2\repository\org\eclipse\microprofile\config\microprofile-config-api\1.4\microprofile-config-api-1.4.jar;C:\Users\chris\.m2\repository\org\eclipse\microprofile\fault-tolerance\microprofile-fault-tolerance-api\2.1\microprofile-fault-tolerance-api-2.1.jar;C:\Users\chris\.m2\repository\org\osgi\org.osgi.annotation.versioning\1.0.0\org.osgi.annotation.versioning-1.0.0.jar;C:\Users\chris\.m2\repository\org\eclipse\microprofile\health\microprofile-health-api\2.2\microprofile-health-api-2.2.jar;C:\Users\chris\.m2\repository\org\eclipse\microprofile\metrics\microprofile-metrics-api\2.3\microprofile-metrics-api-2.3.jar;C:\Users\chris\.m2\repository\org\eclipse\microprofile\jwt\microprofile-jwt-auth-api\1.1\microprofile-jwt-auth-api-1.1.jar;C:\Users\chris\.m2\repository\org\eclipse\microprofile\openapi\microprofile-openapi-api\1.1\microprofile-openapi-api-1.1.jar;C:\Users\chris\.m2\repository\org\eclipse\microprofile\rest\client\microprofile-rest-client-api\1.4.0\microprofile-rest-client-api-1.4.0.jar;C:\Users\chris\.m2\repository\org\eclipse\microprofile\opentracing\microprofile-opentracing-api\1.3\microprofile-opentracing-api-1.3.jar;C:\Users\chris\.m2\repository\org\junit\jupiter\junit-jupiter\5.6.2\junit-jupiter-5.6.2.jar;C:\Users\chris\.m2\repository\org\junit\jupiter\junit-jupiter-api\5.6.2\junit-jupiter-api-5.6.2.jar;C:\Users\chris\.m2\repository\org\apiguardian\apiguardian-api\1.1.0\apiguardian-api-1.1.0.jar;C:\Users\chris\.m2\repository\org\opentest4j\opentest4j\1.2.0\opentest4j-1.2.0.jar;C:\Users\chris\.m2\repository\org\junit\platform\junit-platform-commons\1.6.2\junit-platform-commons-1.6.2.jar;C:\Users\chris\.m2\repository\org\junit\jupiter\junit-jupiter-params\5.6.2\junit-jupiter-params-5.6.2.jar;C:\Users\chris\.m2\repository\org\junit\jupiter\junit-jupiter-engine\5.6.2\junit-jupiter-engine-5.6.2.jar;C:\Users\chris\.m2\repository\org\junit\platform\junit-platform-engine\1.6.2\junit-platform-engine-1.6.2.jar;C:\Users\chris\.m2\repository\com\nimbusds\nimbus-jose-jwt\8.16\nimbus-jose-jwt-8.16.jar;C:\Users\chris\.m2\repository\com\github\stephenc\jcip\jcip-annotations\1.0-1\jcip-annotations-1.0-1.jar;C:\Users\chris\.m2\repository\net\minidev\json-smart\2.3\json-smart-2.3.jar;C:\Users\chris\.m2\repository\net\minidev\accessors-smart\1.2\accessors-smart-1.2.jar;C:\Users\chris\.m2\repository\org\ow2\asm\asm\5.0.4\asm-5.0.4.jar;C:\Users\chris\.m2\repository\mysql\mysql-connector-java\8.0.26\mysql-connector-java-8.0.26.jar;C:\Users\chris\.m2\repository\com\google\protobuf\protobuf-java\3.11.4\protobuf-java-3.11.4.jar;C:\Users\chris\.m2\repository\org\microprofile-ext\openapi-ext\openapi-ui\1.1.5\openapi-ui-1.1.5.jar;C:\Users\chris\.m2\repository\org\hibernate\validator\hibernate-validator\6.1.2.Final\hibernate-validator-6.1.2.Final.jar;C:\Users\chris\.m2\repository\jakarta\validation\jakarta.validation-api\2.0.2\jakarta.validation-api-2.0.2.jar;C:\Users\chris\.m2\repository\org\jboss\logging\jboss-logging\3.3.2.Final\jboss-logging-3.3.2.Final.jar;C:\Users\chris\.m2\repository\com\fasterxml\classmate\1.3.4\classmate-1.3.4.jar;C:\Users\chris\.m2\repository\org\glassfish\jakarta.el\3.0.3\jakarta.el-3.0.3.jar;"/>
    <property name="java.vm.vendor" value="Oracle Corporation"/>
    <property name="sun.arch.data.model" value="64"/>
    <property name="user.variant" value=""/>
    <property name="exec.appArgs" value=""/>
    <property name="java.vendor.url" value="http://java.oracle.com/"/>
    <property name="user.timezone" value="Europe/Berlin"/>
    <property name="java.vm.specification.version" value="11"/>
    <property name="os.name" value="Windows 10"/>
    <property name="user.country" value="IT"/>
    <property name="sun.java.launcher" value="SUN_STANDARD"/>
    <property name="sun.boot.library.path" value="C:\Users\chris\OneDrive\Desktop\jdk-11.0.2\bin"/>
    <property name="sun.java.command" value="C:\Users\chris\AppData\Local\Temp\surefire16310421446375242556\surefirebooter819687168795039870.jar C:\Users\chris\AppData\Local\Temp\surefire16310421446375242556 2022-07-25T23-40-30_559-jvmRun1 surefire8593622748141880053tmp surefire_01798425154881986071tmp"/>
    <property name="jdk.debug" value="release"/>
    <property name="exec.vmArgs" value=""/>
    <property name="surefire.test.class.path" value="C:\Users\chris\OneDrive\Desktop\tss22-master\bkmapp\bkmapp\target\test-classes;C:\Users\chris\OneDrive\Desktop\tss22-master\bkmapp\bkmapp\target\classes;C:\Users\chris\.m2\repository\jakarta\platform\jakarta.jakartaee-api\8.0.0\jakarta.jakartaee-api-8.0.0.jar;C:\Users\chris\.m2\repository\javax\enterprise\cdi-api\2.0\cdi-api-2.0.jar;C:\Users\chris\.m2\repository\javax\el\javax.el-api\3.0.0\javax.el-api-3.0.0.jar;C:\Users\chris\.m2\repository\javax\interceptor\javax.interceptor-api\1.2\javax.interceptor-api-1.2.jar;C:\Users\chris\.m2\repository\javax\inject\javax.inject\1\javax.inject-1.jar;C:\Users\chris\.m2\repository\javax\ws\rs\javax.ws.rs-api\2.1\javax.ws.rs-api-2.1.jar;C:\Users\chris\.m2\repository\javax\json\bind\javax.json.bind-api\1.0\javax.json.bind-api-1.0.jar;C:\Users\chris\.m2\repository\javax\json\javax.json-api\1.1\javax.json-api-1.1.jar;C:\Users\chris\.m2\repository\javax\annotation\javax.annotation-api\1.3\javax.annotation-api-1.3.jar;C:\Users\chris\.m2\repository\org\eclipse\microprofile\config\microprofile-config-api\1.4\microprofile-config-api-1.4.jar;C:\Users\chris\.m2\repository\org\eclipse\microprofile\fault-tolerance\microprofile-fault-tolerance-api\2.1\microprofile-fault-tolerance-api-2.1.jar;C:\Users\chris\.m2\repository\org\osgi\org.osgi.annotation.versioning\1.0.0\org.osgi.annotation.versioning-1.0.0.jar;C:\Users\chris\.m2\repository\org\eclipse\microprofile\health\microprofile-health-api\2.2\microprofile-health-api-2.2.jar;C:\Users\chris\.m2\repository\org\eclipse\microprofile\metrics\microprofile-metrics-api\2.3\microprofile-metrics-api-2.3.jar;C:\Users\chris\.m2\repository\org\eclipse\microprofile\jwt\microprofile-jwt-auth-api\1.1\microprofile-jwt-auth-api-1.1.jar;C:\Users\chris\.m2\repository\org\eclipse\microprofile\openapi\microprofile-openapi-api\1.1\microprofile-openapi-api-1.1.jar;C:\Users\chris\.m2\repository\org\eclipse\microprofile\rest\client\microprofile-rest-client-api\1.4.0\microprofile-rest-client-api-1.4.0.jar;C:\Users\chris\.m2\repository\org\eclipse\microprofile\opentracing\microprofile-opentracing-api\1.3\microprofile-opentracing-api-1.3.jar;C:\Users\chris\.m2\repository\org\junit\jupiter\junit-jupiter\5.6.2\junit-jupiter-5.6.2.jar;C:\Users\chris\.m2\repository\org\junit\jupiter\junit-jupiter-api\5.6.2\junit-jupiter-api-5.6.2.jar;C:\Users\chris\.m2\repository\org\apiguardian\apiguardian-api\1.1.0\apiguardian-api-1.1.0.jar;C:\Users\chris\.m2\repository\org\opentest4j\opentest4j\1.2.0\opentest4j-1.2.0.jar;C:\Users\chris\.m2\repository\org\junit\platform\junit-platform-commons\1.6.2\junit-platform-commons-1.6.2.jar;C:\Users\chris\.m2\repository\org\junit\jupiter\junit-jupiter-params\5.6.2\junit-jupiter-params-5.6.2.jar;C:\Users\chris\.m2\repository\org\junit\jupiter\junit-jupiter-engine\5.6.2\junit-jupiter-engine-5.6.2.jar;C:\Users\chris\.m2\repository\org\junit\platform\junit-platform-engine\1.6.2\junit-platform-engine-1.6.2.jar;C:\Users\chris\.m2\repository\com\nimbusds\nimbus-jose-jwt\8.16\nimbus-jose-jwt-8.16.jar;C:\Users\chris\.m2\repository\com\github\stephenc\jcip\jcip-annotations\1.0-1\jcip-annotations-1.0-1.jar;C:\Users\chris\.m2\repository\net\minidev\json-smart\2.3\json-smart-2.3.jar;C:\Users\chris\.m2\repository\net\minidev\accessors-smart\1.2\accessors-smart-1.2.jar;C:\Users\chris\.m2\repository\org\ow2\asm\asm\5.0.4\asm-5.0.4.jar;C:\Users\chris\.m2\repository\mysql\mysql-connector-java\8.0.26\mysql-connector-java-8.0.26.jar;C:\Users\chris\.m2\repository\com\google\protobuf\protobuf-java\3.11.4\protobuf-java-3.11.4.jar;C:\Users\chris\.m2\repository\org\microprofile-ext\openapi-ext\openapi-ui\1.1.5\openapi-ui-1.1.5.jar;C:\Users\chris\.m2\repository\org\hibernate\validator\hibernate-validator\6.1.2.Final\hibernate-validator-6.1.2.Final.jar;C:\Users\chris\.m2\repository\jakarta\validation\jakarta.validation-api\2.0.2\jakarta.validation-api-2.0.2.jar;C:\Users\chris\.m2\repository\org\jboss\logging\jboss-logging\3.3.2.Final\jboss-logging-3.3.2.Final.jar;C:\Users\chris\.m2\repository\com\fasterxml\classmate\1.3.4\classmate-1.3.4.jar;C:\Users\chris\.m2\repository\org\glassfish\jakarta.el\3.0.3\jakarta.el-3.0.3.jar;"/>
    <property name="sun.cpu.endian" value="little"/>
    <property name="user.home" value="C:\Users\chris"/>
    <property name="user.language" value="it"/>
    <property name="java.specification.vendor" value="Oracle Corporation"/>
    <property name="java.version.date" value="2019-01-15"/>
    <property name="java.home" value="C:\Users\chris\OneDrive\Desktop\jdk-11.0.2"/>
    <property name="file.separator" value="\"/>
    <property name="basedir" value="C:\Users\chris\OneDrive\Desktop\tss22-master\bkmapp\bkmapp"/>
    <property name="java.vm.compressedOopsMode" value="Zero based"/>
    <property name="line.separator" value="&#10;"/>
    <property name="java.specification.name" value="Java Platform API Specification"/>
    <property name="java.vm.specification.vendor" value="Oracle Corporation"/>
    <property name="java.awt.graphicsenv" value="sun.awt.Win32GraphicsEnvironment"/>
    <property name="surefire.real.class.path" value="C:\Users\chris\AppData\Local\Temp\surefire16310421446375242556\surefirebooter819687168795039870.jar"/>
    <property name="user.script" value=""/>
    <property name="sun.management.compiler" value="HotSpot 64-Bit Tiered Compilers"/>
    <property name="java.runtime.version" value="11.0.2+9"/>
    <property name="user.name" value="chris"/>
    <property name="path.separator" value=";"/>
    <property name="os.version" value="10.0"/>
    <property name="java.runtime.name" value="OpenJDK Runtime Environment"/>
    <property name="file.encoding" value="UTF-8"/>
    <property name="java.vm.name" value="OpenJDK 64-Bit Server VM"/>
    <property name="java.vendor.version" value="18.9"/>
    <property name="maven.ext.class.path" value="C:\Program Files\NetBeans-12.6\netbeans\java\maven-nblib\netbeans-eventspy.jar"/>
    <property name="localRepository" value="C:\Users\chris\.m2\repository"/>
    <property name="java.vendor.url.bug" value="http://bugreport.java.com/bugreport/"/>
    <property name="java.io.tmpdir" value="C:\Users\chris\AppData\Local\Temp\"/>
    <property name="java.version" value="11.0.2"/>
    <property name="user.dir" value="C:\Users\chris\OneDrive\Desktop\tss22-master\bkmapp\bkmapp"/>
    <property name="os.arch" value="amd64"/>
    <property name="java.vm.specification.name" value="Java Virtual Machine Specification"/>
    <property name="java.awt.printerjob" value="sun.awt.windows.WPrinterJob"/>
    <property name="sun.os.patch.level" value=""/>
    <property name="java.library.path" value="C:\Users\chris\OneDrive\Desktop\jdk-11.0.2\bin;C:\Windows\Sun\Java\bin;C:\Windows\system32;C:\Windows;C:\Program Files\Eclipse Adoptium\jdk-11.0.14.9-hotspot\bin;C:\Program Files (x86)\Common Files\Oracle\Java\javapath;C:\Windows\system32;C:\Windows;C:\Windows\System32\Wbem;C:\Windows\System32\WindowsPowerShell\v1.0\;C:\Windows\System32\OpenSSH\;C:\Program Files\MySQL\MySQL Shell 8.0\bin\;C:\Users\chris\AppData\Local\Microsoft\WindowsApps;;."/>
    <property name="java.vendor" value="Oracle Corporation"/>
    <property name="java.vm.info" value="mixed mode"/>
    <property name="java.vm.version" value="11.0.2+9"/>
    <property name="sun.io.unicode.encoding" value="UnicodeLittle"/>
    <property name="java.class.version" value="55.0"/>
  </properties>
  <testcase name="testNotValid" classname="it.tss.blogapp.entity.UserTest" time="0.348"/>
  <testcase name="testValid" classname="it.tss.blogapp.entity.UserTest" time="0.025"/>
</testsuite>